<?xml version="1.0" encoding="UTF-8" ?>
<testsuites>
  <testsuite errors="0" failures="1" hostname="lprado-PC" id="0" name="SeguimientoHospTests" package="mx.gob.inr.seguimientoHosp" tests="2" time="0.774" timestamp="2013-12-09T21:18:30">
      <properties />

      <testcase classname="mx.gob.inr.seguimientoHosp.SeguimientoHospTests" name="consultar Seguimientos" time="0.304" />

      <testcase classname="mx.gob.inr.seguimientoHosp.SeguimientoHospTests" name="testear importe Global" time="0.455">
          <failure message="java.lang.AssertionError: expected:&lt;1764.39&gt; but was:&lt;1764.3930010795593&gt;" type="junit.framework.AssertionFailedError">junit.framework.AssertionFailedError: java.lang.AssertionError: expected:&lt;1764.39&gt; but was:&lt;1764.3930010795593&gt;
	at mx.gob.inr.seguimientoHosp.SeguimientoHospTests.testear importe Global(SeguimientoHospTests.groovy:44)
</failure>

      </testcase>

      <system-out><![CDATA[--Output from consultar Seguimientos--
Hibernate: 
    select
        this_.id as id23_2_,
        this_.idadmision as idadmision23_2_,
        this_.fecha_captura as fecha3_23_2_,
        this_.fecha_elaboracion as fecha4_23_2_,
        this_.firmada as firmada23_2_,
        this_.idpaciente as idpaciente23_2_,
        this_.usuario_registra as usuario7_23_2_,
        admisionho2_.idadmision as idadmision19_0_,
        admisionho2_.idarea as idarea19_0_,
        admisionho2_.idcama as idcama19_0_,
        admisionho2_.iddiagingreso as iddiagin4_19_0_,
        admisionho2_.estadoadmision as estadoad5_19_0_,
        admisionho2_.fechaegreso as fechaegr6_19_0_,
        admisionho2_.fechaingreso as fechaing7_19_0_,
        admisionho2_.idpaciente as idpaciente19_0_,
        admisionho2_.idservicio as idservicio19_0_,
        paciente3_.idpaciente as idpaciente34_1_,
        paciente3_.fechanacimiento as fechanac2_34_1_,
        paciente3_.idtipopaciente as idtipopa3_34_1_,
        paciente3_.materno as materno34_1_,
        paciente3_.nombre as nombre34_1_,
        paciente3_.numeroregistro as numerore6_34_1_,
        paciente3_.paterno as paterno34_1_,
        paciente3_.sexo as sexo34_1_ 
    from
        seguimiento_hosp this_ 
    inner join
        admisionhospitalaria admisionho2_ 
            on this_.idadmision=admisionho2_.idadmision 
    inner join
        paciente paciente3_ 
            on this_.idpaciente=paciente3_.idpaciente 
    where
        this_.idpaciente=? 
    order by
        this_.fecha_elaboracion desc
		
			
			<div style="height:500px;overflow:auto;" class="wrapper" >
			<table id="tablaSeguimientos">
			<thead>			
					<tr>						
						<th>
							Fecha Elaboracion
						</th>						
						<th>
							Cargar
						</th>						
					</tr>			
			</thead><tbody>

		
				<tr>				
					<td>09/12/2013</td>
					<td><input type="button" value="ACEPTAR" onclick="consultarSeguimiento(82,'09/12/2013')"/></td>					
				</tr>
			</tbody></table></div>
--Output from testear importe Global--
Hibernate: 
    select
        seguimient0_.id as id23_2_,
        seguimient0_.idadmision as idadmision23_2_,
        seguimient0_.fecha_captura as fecha3_23_2_,
        seguimient0_.fecha_elaboracion as fecha4_23_2_,
        seguimient0_.firmada as firmada23_2_,
        seguimient0_.idpaciente as idpaciente23_2_,
        seguimient0_.usuario_registra as usuario7_23_2_,
        admisionho1_.idadmision as idadmision19_0_,
        admisionho1_.idarea as idarea19_0_,
        admisionho1_.idcama as idcama19_0_,
        admisionho1_.iddiagingreso as iddiagin4_19_0_,
        admisionho1_.estadoadmision as estadoad5_19_0_,
        admisionho1_.fechaegreso as fechaegr6_19_0_,
        admisionho1_.fechaingreso as fechaing7_19_0_,
        admisionho1_.idpaciente as idpaciente19_0_,
        admisionho1_.idservicio as idservicio19_0_,
        paciente2_.idpaciente as idpaciente34_1_,
        paciente2_.fechanacimiento as fechanac2_34_1_,
        paciente2_.idtipopaciente as idtipopa3_34_1_,
        paciente2_.materno as materno34_1_,
        paciente2_.nombre as nombre34_1_,
        paciente2_.numeroregistro as numerore6_34_1_,
        paciente2_.paterno as paterno34_1_,
        paciente2_.sexo as sexo34_1_ 
    from
        seguimiento_hosp seguimient0_ 
    inner join
        admisionhospitalaria admisionho1_ 
            on seguimient0_.idadmision=admisionho1_.idadmision 
    inner join
        paciente paciente2_ 
            on seguimient0_.idpaciente=paciente2_.idpaciente 
    where
        seguimient0_.id=?
Hibernate: 
    select
        this_.id as id33_0_,
        this_.cve_art as cve2_33_0_,
        this_.cantidad as cantidad33_0_,
        this_.precio_unitario as precio4_33_0_,
        this_.idseguimiento as idseguim5_33_0_ 
    from
        seguimiento_hosp_medicamento this_ 
    where
        this_.idseguimiento=? 
    order by
        this_.id asc
Hibernate: 
    select
        articulofa0_.cve_art as cve1_1_0_,
        articulofa0_.almacen as almacen1_0_,
        articulofa0_.des_articulo as des3_1_0_,
        articulofa0_.movimiento_prom as movimiento4_1_0_,
        articulofa0_.presentacion as presenta5_1_0_,
        articulofa0_.unidad as unidad1_0_ 
    from
        articulo articulofa0_ 
    where
        articulofa0_.cve_art=?
Hibernate: 
    select
        articulofa0_.cve_art as cve1_1_0_,
        articulofa0_.almacen as almacen1_0_,
        articulofa0_.des_articulo as des3_1_0_,
        articulofa0_.movimiento_prom as movimiento4_1_0_,
        articulofa0_.presentacion as presenta5_1_0_,
        articulofa0_.unidad as unidad1_0_ 
    from
        articulo articulofa0_ 
    where
        articulofa0_.cve_art=?
Hibernate: 
    select
        this_.idcita as idcita9_0_,
        this_.concepto as concepto9_0_,
        this_.estatus as estatus9_0_,
        this_.estudio as estudio9_0_,
        this_.fechacita as fechacita9_0_,
        this_.folio as folio9_0_,
        this_.horacita as horacita9_0_,
        this_.idpaciente as idpaciente9_0_,
        this_.recibo as recibo9_0_,
        this_.referencia as referencia9_0_ 
    from
        agendaresonanciamagnetica this_ 
    where
        this_.fechacita=? 
        and this_.idpaciente=? 
        and this_.estatus<>? 
    order by
        this_.fechacita asc,
        this_.horacita asc
Hibernate: 
    select
        referencia0_.idreferencia as idrefere1_32_1_,
        referencia0_.idnivelsocioeconomico as idnivels2_32_1_,
        referencia0_.importe as importe32_1_,
        referencia0_.idpaciente as idpaciente32_1_,
        referencia0_.referencia as referencia32_1_,
        referencia1_.idreferencia as idrefere7_32_3_,
        referencia1_.idreferenciadetalle as idrefere1_3_,
        referencia1_.idreferenciadetalle as idrefere1_25_0_,
        referencia1_.cantidadpagos as cantidad2_25_0_,
        referencia1_.clavecobro as clavecobro25_0_,
        referencia1_.costo as costo25_0_,
        referencia1_.idestudio as idestudio25_0_,
        referencia1_.idconceptocobro as idconcep6_25_0_,
        referencia1_.idreferencia as idrefere7_25_0_ 
    from
        referenciabancaria referencia0_ 
    left outer join
        referenciabancariadetalle referencia1_ 
            on referencia0_.idreferencia=referencia1_.idreferencia 
    where
        referencia0_.idreferencia=?
Hibernate: 
    select
        catestudio0_.idestudio as idestudio42_0_,
        catestudio0_.clavepartida as clavepar2_42_0_,
        catestudio0_.desestudio as desestudio42_0_,
        catestudio0_.idconceptocobro as idconcep4_42_0_ 
    from
        cat_estudioslabora catestudio0_ 
    where
        catestudio0_.idestudio=?
Hibernate: 
    select
        referencia0_.idreferencia as idrefere1_32_1_,
        referencia0_.idnivelsocioeconomico as idnivels2_32_1_,
        referencia0_.importe as importe32_1_,
        referencia0_.idpaciente as idpaciente32_1_,
        referencia0_.referencia as referencia32_1_,
        referencia1_.idreferencia as idrefere7_32_3_,
        referencia1_.idreferenciadetalle as idrefere1_3_,
        referencia1_.idreferenciadetalle as idrefere1_25_0_,
        referencia1_.cantidadpagos as cantidad2_25_0_,
        referencia1_.clavecobro as clavecobro25_0_,
        referencia1_.costo as costo25_0_,
        referencia1_.idestudio as idestudio25_0_,
        referencia1_.idconceptocobro as idconcep6_25_0_,
        referencia1_.idreferencia as idrefere7_25_0_ 
    from
        referenciabancaria referencia0_ 
    left outer join
        referenciabancariadetalle referencia1_ 
            on referencia0_.idreferencia=referencia1_.idreferencia 
    where
        referencia0_.idreferencia=?
Hibernate: 
    select
        catestudio0_.idestudio as idestudio42_0_,
        catestudio0_.clavepartida as clavepar2_42_0_,
        catestudio0_.desestudio as desestudio42_0_,
        catestudio0_.idconceptocobro as idconcep4_42_0_ 
    from
        cat_estudioslabora catestudio0_ 
    where
        catestudio0_.idestudio=?
Hibernate: 
    select
        referencia0_.idreferencia as idrefere1_32_1_,
        referencia0_.idnivelsocioeconomico as idnivels2_32_1_,
        referencia0_.importe as importe32_1_,
        referencia0_.idpaciente as idpaciente32_1_,
        referencia0_.referencia as referencia32_1_,
        referencia1_.idreferencia as idrefere7_32_3_,
        referencia1_.idreferenciadetalle as idrefere1_3_,
        referencia1_.idreferenciadetalle as idrefere1_25_0_,
        referencia1_.cantidadpagos as cantidad2_25_0_,
        referencia1_.clavecobro as clavecobro25_0_,
        referencia1_.costo as costo25_0_,
        referencia1_.idestudio as idestudio25_0_,
        referencia1_.idconceptocobro as idconcep6_25_0_,
        referencia1_.idreferencia as idrefere7_25_0_ 
    from
        referenciabancaria referencia0_ 
    left outer join
        referenciabancariadetalle referencia1_ 
            on referencia0_.idreferencia=referencia1_.idreferencia 
    where
        referencia0_.idreferencia=?
Hibernate: 
    select
        catestudio0_.idestudio as idestudio42_0_,
        catestudio0_.clavepartida as clavepar2_42_0_,
        catestudio0_.desestudio as desestudio42_0_,
        catestudio0_.idconceptocobro as idconcep4_42_0_ 
    from
        cat_estudioslabora catestudio0_ 
    where
        catestudio0_.idestudio=?
Hibernate: 
    select
        this_.idcita as idcita13_0_,
        this_.concepto as concepto13_0_,
        this_.estatus as estatus13_0_,
        this_.estudio as estudio13_0_,
        this_.fechacita as fechacita13_0_,
        this_.folio as folio13_0_,
        this_.horacita as horacita13_0_,
        this_.idpaciente as idpaciente13_0_,
        this_.recibo as recibo13_0_,
        this_.referencia as referencia13_0_ 
    from
        agendarayosx this_ 
    where
        this_.fechacita=? 
        and this_.idpaciente=? 
        and this_.estatus<>? 
    order by
        this_.fechacita asc,
        this_.horacita asc
Hibernate: 
    select
        referencia0_.idreferencia as idrefere1_32_1_,
        referencia0_.idnivelsocioeconomico as idnivels2_32_1_,
        referencia0_.importe as importe32_1_,
        referencia0_.idpaciente as idpaciente32_1_,
        referencia0_.referencia as referencia32_1_,
        referencia1_.idreferencia as idrefere7_32_3_,
        referencia1_.idreferenciadetalle as idrefere1_3_,
        referencia1_.idreferenciadetalle as idrefere1_25_0_,
        referencia1_.cantidadpagos as cantidad2_25_0_,
        referencia1_.clavecobro as clavecobro25_0_,
        referencia1_.costo as costo25_0_,
        referencia1_.idestudio as idestudio25_0_,
        referencia1_.idconceptocobro as idconcep6_25_0_,
        referencia1_.idreferencia as idrefere7_25_0_ 
    from
        referenciabancaria referencia0_ 
    left outer join
        referenciabancariadetalle referencia1_ 
            on referencia0_.idreferencia=referencia1_.idreferencia 
    where
        referencia0_.idreferencia=?
Hibernate: 
    select
        catestudio0_.idestudio as idestudio42_0_,
        catestudio0_.clavepartida as clavepar2_42_0_,
        catestudio0_.desestudio as desestudio42_0_,
        catestudio0_.idconceptocobro as idconcep4_42_0_ 
    from
        cat_estudioslabora catestudio0_ 
    where
        catestudio0_.idestudio=?
Hibernate: 
    select
        referencia0_.idreferencia as idrefere1_32_1_,
        referencia0_.idnivelsocioeconomico as idnivels2_32_1_,
        referencia0_.importe as importe32_1_,
        referencia0_.idpaciente as idpaciente32_1_,
        referencia0_.referencia as referencia32_1_,
        referencia1_.idreferencia as idrefere7_32_3_,
        referencia1_.idreferenciadetalle as idrefere1_3_,
        referencia1_.idreferenciadetalle as idrefere1_25_0_,
        referencia1_.cantidadpagos as cantidad2_25_0_,
        referencia1_.clavecobro as clavecobro25_0_,
        referencia1_.costo as costo25_0_,
        referencia1_.idestudio as idestudio25_0_,
        referencia1_.idconceptocobro as idconcep6_25_0_,
        referencia1_.idreferencia as idrefere7_25_0_ 
    from
        referenciabancaria referencia0_ 
    left outer join
        referenciabancariadetalle referencia1_ 
            on referencia0_.idreferencia=referencia1_.idreferencia 
    where
        referencia0_.idreferencia=?
Hibernate: 
    select
        catestudio0_.idestudio as idestudio42_0_,
        catestudio0_.clavepartida as clavepar2_42_0_,
        catestudio0_.desestudio as desestudio42_0_,
        catestudio0_.idconceptocobro as idconcep4_42_0_ 
    from
        cat_estudioslabora catestudio0_ 
    where
        catestudio0_.idestudio=?
Hibernate: 
    select
        this_.idcita as idcita18_0_,
        this_.concepto as concepto18_0_,
        this_.estatus as estatus18_0_,
        this_.estudio as estudio18_0_,
        this_.fechacita as fechacita18_0_,
        this_.folio as folio18_0_,
        this_.horacita as horacita18_0_,
        this_.idpaciente as idpaciente18_0_,
        this_.recibo as recibo18_0_,
        this_.referencia as referencia18_0_ 
    from
        agendatomografia this_ 
    where
        this_.fechacita=? 
        and this_.idpaciente=? 
        and this_.estatus<>? 
    order by
        this_.fechacita asc,
        this_.horacita asc
Hibernate: 
    select
        referencia0_.idreferencia as idrefere1_32_1_,
        referencia0_.idnivelsocioeconomico as idnivels2_32_1_,
        referencia0_.importe as importe32_1_,
        referencia0_.idpaciente as idpaciente32_1_,
        referencia0_.referencia as referencia32_1_,
        referencia1_.idreferencia as idrefere7_32_3_,
        referencia1_.idreferenciadetalle as idrefere1_3_,
        referencia1_.idreferenciadetalle as idrefere1_25_0_,
        referencia1_.cantidadpagos as cantidad2_25_0_,
        referencia1_.clavecobro as clavecobro25_0_,
        referencia1_.costo as costo25_0_,
        referencia1_.idestudio as idestudio25_0_,
        referencia1_.idconceptocobro as idconcep6_25_0_,
        referencia1_.idreferencia as idrefere7_25_0_ 
    from
        referenciabancaria referencia0_ 
    left outer join
        referenciabancariadetalle referencia1_ 
            on referencia0_.idreferencia=referencia1_.idreferencia 
    where
        referencia0_.idreferencia=?
Hibernate: 
    select
        catestudio0_.idestudio as idestudio42_0_,
        catestudio0_.clavepartida as clavepar2_42_0_,
        catestudio0_.desestudio as desestudio42_0_,
        catestudio0_.idconceptocobro as idconcep4_42_0_ 
    from
        cat_estudioslabora catestudio0_ 
    where
        catestudio0_.idestudio=?
Hibernate: 
    select
        this_.idcita as idcita28_0_,
        this_.concepto as concepto28_0_,
        this_.estatus as estatus28_0_,
        this_.estudio as estudio28_0_,
        this_.fechacita as fechacita28_0_,
        this_.folio as folio28_0_,
        this_.horacita as horacita28_0_,
        this_.idpaciente as idpaciente28_0_,
        this_.recibo as recibo28_0_,
        this_.referencia as referencia28_0_ 
    from
        agendaultrasonido this_ 
    where
        this_.fechacita=? 
        and this_.idpaciente=? 
        and this_.estatus<>? 
    order by
        this_.fechacita asc,
        this_.horacita asc
Hibernate: 
    select
        this_.idcita as idcita35_0_,
        this_.concepto as concepto35_0_,
        this_.estatus as estatus35_0_,
        this_.estudio as estudio35_0_,
        this_.fechacita as fechacita35_0_,
        this_.folio as folio35_0_,
        this_.horacita as horacita35_0_,
        this_.idpaciente as idpaciente35_0_,
        this_.recibo as recibo35_0_,
        this_.referencia as referencia35_0_ 
    from
        agendamedicinanuclear this_ 
    where
        this_.fechacita=? 
        and this_.idpaciente=? 
        and this_.estatus<>? 
    order by
        this_.fechacita asc,
        this_.horacita asc
Hibernate: 
    select
        referencia0_.idreferencia as idrefere1_32_1_,
        referencia0_.idnivelsocioeconomico as idnivels2_32_1_,
        referencia0_.importe as importe32_1_,
        referencia0_.idpaciente as idpaciente32_1_,
        referencia0_.referencia as referencia32_1_,
        referencia1_.idreferencia as idrefere7_32_3_,
        referencia1_.idreferenciadetalle as idrefere1_3_,
        referencia1_.idreferenciadetalle as idrefere1_25_0_,
        referencia1_.cantidadpagos as cantidad2_25_0_,
        referencia1_.clavecobro as clavecobro25_0_,
        referencia1_.costo as costo25_0_,
        referencia1_.idestudio as idestudio25_0_,
        referencia1_.idconceptocobro as idconcep6_25_0_,
        referencia1_.idreferencia as idrefere7_25_0_ 
    from
        referenciabancaria referencia0_ 
    left outer join
        referenciabancariadetalle referencia1_ 
            on referencia0_.idreferencia=referencia1_.idreferencia 
    where
        referencia0_.idreferencia=?
Hibernate: 
    select
        catestudio0_.idestudio as idestudio42_0_,
        catestudio0_.clavepartida as clavepar2_42_0_,
        catestudio0_.desestudio as desestudio42_0_,
        catestudio0_.idconceptocobro as idconcep4_42_0_ 
    from
        cat_estudioslabora catestudio0_ 
    where
        catestudio0_.idestudio=?
Hibernate: 
    select
        this_.id as id11_0_,
        this_.costo as costo11_0_,
        this_.iddiagnostico as iddiagno3_11_0_,
        this_.idnota as idnota11_0_,
        this_.idseguimiento as idseguim5_11_0_,
        this_.tipodiag as tipodiag11_0_ 
    from
        seguimiento_hosp_cirugia this_ 
    where
        this_.idseguimiento=?
Hibernate: 
    select
        this_.idcita as idcita46_0_,
        this_.estatus as estatus46_0_,
        this_.fechacita as fechacita46_0_,
        this_.folio as folio46_0_,
        this_.horacita as horacita46_0_,
        this_.idsolicitud as idsolici6_46_0_,
        this_.idpaciente as idpaciente46_0_,
        this_.recibo as recibo46_0_,
        this_.referencia as referencia46_0_,
        this_.sesiones as sesiones46_0_,
        this_.tipoterapia as tipoter11_46_0_ 
    from
        agendaterapia this_ 
    where
        this_.fechacita=? 
        and this_.idpaciente=? 
        and this_.estatus<>? 
        and this_.tipoterapia=?
Hibernate: 
    select
        referencia0_.idreferencia as idrefere1_32_1_,
        referencia0_.idnivelsocioeconomico as idnivels2_32_1_,
        referencia0_.importe as importe32_1_,
        referencia0_.idpaciente as idpaciente32_1_,
        referencia0_.referencia as referencia32_1_,
        referencia1_.idreferencia as idrefere7_32_3_,
        referencia1_.idreferenciadetalle as idrefere1_3_,
        referencia1_.idreferenciadetalle as idrefere1_25_0_,
        referencia1_.cantidadpagos as cantidad2_25_0_,
        referencia1_.clavecobro as clavecobro25_0_,
        referencia1_.costo as costo25_0_,
        referencia1_.idestudio as idestudio25_0_,
        referencia1_.idconceptocobro as idconcep6_25_0_,
        referencia1_.idreferencia as idrefere7_25_0_ 
    from
        referenciabancaria referencia0_ 
    left outer join
        referenciabancariadetalle referencia1_ 
            on referencia0_.idreferencia=referencia1_.idreferencia 
    where
        referencia0_.idreferencia=?
Hibernate: 
    select
        this_.idcita as idcita46_0_,
        this_.estatus as estatus46_0_,
        this_.fechacita as fechacita46_0_,
        this_.folio as folio46_0_,
        this_.horacita as horacita46_0_,
        this_.idsolicitud as idsolici6_46_0_,
        this_.idpaciente as idpaciente46_0_,
        this_.recibo as recibo46_0_,
        this_.referencia as referencia46_0_,
        this_.sesiones as sesiones46_0_,
        this_.tipoterapia as tipoter11_46_0_ 
    from
        agendaterapia this_ 
    where
        this_.fechacita=? 
        and this_.idpaciente=? 
        and this_.estatus<>? 
        and this_.tipoterapia=?
Hibernate: 
    select
        referencia0_.idreferencia as idrefere1_32_1_,
        referencia0_.idnivelsocioeconomico as idnivels2_32_1_,
        referencia0_.importe as importe32_1_,
        referencia0_.idpaciente as idpaciente32_1_,
        referencia0_.referencia as referencia32_1_,
        referencia1_.idreferencia as idrefere7_32_3_,
        referencia1_.idreferenciadetalle as idrefere1_3_,
        referencia1_.idreferenciadetalle as idrefere1_25_0_,
        referencia1_.cantidadpagos as cantidad2_25_0_,
        referencia1_.clavecobro as clavecobro25_0_,
        referencia1_.costo as costo25_0_,
        referencia1_.idestudio as idestudio25_0_,
        referencia1_.idconceptocobro as idconcep6_25_0_,
        referencia1_.idreferencia as idrefere7_25_0_ 
    from
        referenciabancaria referencia0_ 
    left outer join
        referenciabancariadetalle referencia1_ 
            on referencia0_.idreferencia=referencia1_.idreferencia 
    where
        referencia0_.idreferencia=?
]]></system-out>

      <system-err><![CDATA[--Output from consultar Seguimientos--
--Output from testear importe Global--
]]></system-err>

  </testsuite>
</testsuites>
