# JRE version: 7.0_25-b17
# Java VM: Java HotSpot(TM) 64-Bit Server VM (23.25-b01 mixed mode windows-amd64 compressed oops)
Heap
 PSYoungGen      total 257856K, used 115023K [0x00000000f0000000, 0x0000000100000000, 0x0000000100000000)
  eden space 253440K, 45% used [0x00000000f0000000,0x00000000f6f73c18,0x00000000ff780000)
  from space 4416K, 20% used [0x00000000ffbb0000,0x00000000ffc90020,0x0000000100000000)
  to   space 4288K, 0% used [0x00000000ff780000,0x00000000ff780000,0x00000000ffbb0000)
 ParOldGen       total 230912K, used 204695K [0x00000000d0000000, 0x00000000de180000, 0x00000000f0000000)
  object space 230912K, 88% used [0x00000000d0000000,0x00000000dc7e5c48,0x00000000de180000)
 PSPermGen       total 143872K, used 109776K [0x00000000c0000000, 0x00000000c8c80000, 0x00000000d0000000)
  object space 143872K, 76% used [0x00000000c0000000,0x00000000c6b343e8,0x00000000c8c80000)
GC Heap History (10 events):
Event: 8735.539 GC heap before
{Heap before GC invocations=264 (full 2):
 PSYoungGen      total 257984K, used 255504K [0x00000000f0000000, 0x0000000100000000, 0x0000000100000000)
  eden space 253824K, 100% used [0x00000000f0000000,0x00000000ff7e0000,0x00000000ff7e0000)
  from space 4160K, 40% used [0x00000000ff7e0000,0x00000000ff984060,0x00000000ffbf0000)
  to   space 4160K, 0% used [0x00000000ffbf0000,0x00000000ffbf0000,0x0000000100000000)
 ParOldGen       total 230912K, used 203484K [0x00000000d0000000, 0x00000000de180000, 0x00000000f0000000)
  object space 230912K, 88% used [0x00000000d0000000,0x00000000dc6b7270,0x00000000de180000)
 PSPermGen       total 143872K, used 109610K [0x00000000c0000000, 0x00000000c8c80000, 0x00000000d0000000)
  object space 143872K, 76% used [0x00000000c0000000,0x00000000c6b0aa78,0x00000000c8c80000)
Event: 8735.543 GC heap after
Heap after GC invocations=264 (full 2):
 PSYoungGen      total 257856K, used 832K [0x00000000f0000000, 0x0000000100000000, 0x0000000100000000)
  eden space 253696K, 0% used [0x00000000f0000000,0x00000000f0000000,0x00000000ff7c0000)
  from space 4160K, 20% used [0x00000000ffbf0000,0x00000000ffcc0040,0x0000000100000000)
  to   space 4224K, 0% used [0x00000000ff7c0000,0x00000000ff7c0000,0x00000000ffbe0000)
 ParOldGen       total 230912K, used 204328K [0x00000000d0000000, 0x00000000de180000, 0x00000000f0000000)
  object space 230912K, 88% used [0x00000000d0000000,0x00000000dc78a278,0x00000000de180000)
 PSPermGen       total 143872K, used 109610K [0x00000000c0000000, 0x00000000c8c80000, 0x00000000d0000000)
  object space 143872K, 76% used [0x00000000c0000000,0x00000000c6b0aa78,0x00000000c8c80000)
}
Event: 8735.782 GC heap before
{Heap before GC invocations=265 (full 2):
 PSYoungGen      total 257856K, used 254528K [0x00000000f0000000, 0x0000000100000000, 0x0000000100000000)
  eden space 253696K, 100% used [0x00000000f0000000,0x00000000ff7c0000,0x00000000ff7c0000)
  from space 4160K, 20% used [0x00000000ffbf0000,0x00000000ffcc0040,0x0000000100000000)
  to   space 4224K, 0% used [0x00000000ff7c0000,0x00000000ff7c0000,0x00000000ffbe0000)
 ParOldGen       total 230912K, used 204328K [0x00000000d0000000, 0x00000000de180000, 0x00000000f0000000)
  object space 230912K, 88% used [0x00000000d0000000,0x00000000dc78a278,0x00000000de180000)
 PSPermGen       total 143872K, used 109614K [0x00000000c0000000, 0x00000000c8c80000, 0x00000000d0000000)
  object space 143872K, 76% used [0x00000000c0000000,0x00000000c6b0b980,0x00000000c8c80000)
Event: 8735.785 GC heap after
Heap after GC invocations=265 (full 2):
 PSYoungGen      total 254400K, used 672K [0x00000000f0000000, 0x0000000100000000, 0x0000000100000000)
  eden space 253696K, 0% used [0x00000000f0000000,0x00000000f0000000,0x00000000ff7c0000)
  from space 704K, 95% used [0x00000000ff7c0000,0x00000000ff868030,0x00000000ff870000)
  to   space 4352K, 0% used [0x00000000ffbc0000,0x00000000ffbc0000,0x0000000100000000)
 ParOldGen       total 230912K, used 204507K [0x00000000d0000000, 0x00000000de180000, 0x00000000f0000000)
  object space 230912K, 88% used [0x00000000d0000000,0x00000000dc7b6f18,0x00000000de180000)
 PSPermGen       total 143872K, used 109614K [0x00000000c0000000, 0x00000000c8c80000, 0x00000000d0000000)
  object space 143872K, 76% used [0x00000000c0000000,0x00000000c6b0b980,0x00000000c8c80000)
}
Event: 8736.021 GC heap before
{Heap before GC invocations=266 (full 2):
 PSYoungGen      total 254400K, used 254368K [0x00000000f0000000, 0x0000000100000000, 0x0000000100000000)
  eden space 253696K, 100% used [0x00000000f0000000,0x00000000ff7c0000,0x00000000ff7c0000)
  from space 704K, 95% used [0x00000000ff7c0000,0x00000000ff868030,0x00000000ff870000)
  to   space 4352K, 0% used [0x00000000ffbc0000,0x00000000ffbc0000,0x0000000100000000)
 ParOldGen       total 230912K, used 204507K [0x00000000d0000000, 0x00000000de180000, 0x00000000f0000000)
  object space 230912K, 88% used [0x00000000d0000000,0x00000000dc7b6f18,0x00000000de180000)
 PSPermGen       total 143872K, used 109616K [0x00000000c0000000, 0x00000000c8c80000, 0x00000000d0000000)
  object space 143872K, 76% used [0x00000000c0000000,0x00000000c6b0c158,0x00000000c8c80000)
Event: 8736.024 GC heap after
Heap after GC invocations=266 (full 2):
 PSYoungGen      total 257792K, used 672K [0x00000000f0000000, 0x0000000100000000, 0x0000000100000000)
  eden space 253440K, 0% used [0x00000000f0000000,0x00000000f0000000,0x00000000ff780000)
  from space 4352K, 15% used [0x00000000ffbc0000,0x00000000ffc68030,0x0000000100000000)
  to   space 4352K, 0% used [0x00000000ff780000,0x00000000ff780000,0x00000000ffbc0000)
 ParOldGen       total 230912K, used 204552K [0x00000000d0000000, 0x00000000de180000, 0x00000000f0000000)
  object space 230912K, 88% used [0x00000000d0000000,0x00000000dc7c2250,0x00000000de180000)
 PSPermGen       total 143872K, used 109616K [0x00000000c0000000, 0x00000000c8c80000, 0x00000000d0000000)
  object space 143872K, 76% used [0x00000000c0000000,0x00000000c6b0c158,0x00000000c8c80000)
}
Event: 8736.255 GC heap before
{Heap before GC invocations=267 (full 2):
 PSYoungGen      total 257792K, used 254112K [0x00000000f0000000, 0x0000000100000000, 0x0000000100000000)
  eden space 253440K, 100% used [0x00000000f0000000,0x00000000ff780000,0x00000000ff780000)
  from space 4352K, 15% used [0x00000000ffbc0000,0x00000000ffc68030,0x0000000100000000)
  to   space 4352K, 0% used [0x00000000ff780000,0x00000000ff780000,0x00000000ffbc0000)
 ParOldGen       total 230912K, used 204552K [0x00000000d0000000, 0x00000000de180000, 0x00000000f0000000)
  object space 230912K, 88% used [0x00000000d0000000,0x00000000dc7c2250,0x00000000de180000)
 PSPermGen       total 143872K, used 109616K [0x00000000c0000000, 0x00000000c8c80000, 0x00000000d0000000)
  object space 143872K, 76% used [0x00000000c0000000,0x00000000c6b0c250,0x00000000c8c80000)
Event: 8736.258 GC heap after
Heap after GC invocations=267 (full 2):
 PSYoungGen      total 254080K, used 608K [0x00000000f0000000, 0x0000000100000000, 0x0000000100000000)
  eden space 253440K, 0% used [0x00000000f0000000,0x00000000f0000000,0x00000000ff780000)
  from space 640K, 95% used [0x00000000ff780000,0x00000000ff818020,0x00000000ff820000)
  to   space 4416K, 0% used [0x00000000ffbb0000,0x00000000ffbb0000,0x0000000100000000)
 ParOldGen       total 230912K, used 204663K [0x00000000d0000000, 0x00000000de180000, 0x00000000f0000000)
  object space 230912K, 88% used [0x00000000d0000000,0x00000000dc7ddc48,0x00000000de180000)
 PSPermGen       total 143872K, used 109616K [0x00000000c0000000, 0x00000000c8c80000, 0x00000000d0000000)
  object space 143872K, 76% used [0x00000000c0000000,0x00000000c6b0c250,0x00000000c8c80000)
}
Event: 10715.986 GC heap before
{Heap before GC invocations=268 (full 2):
 PSYoungGen      total 254080K, used 254048K [0x00000000f0000000, 0x0000000100000000, 0x0000000100000000)
  eden space 253440K, 100% used [0x00000000f0000000,0x00000000ff780000,0x00000000ff780000)
  from space 640K, 95% used [0x00000000ff780000,0x00000000ff818020,0x00000000ff820000)
  to   space 4416K, 0% used [0x00000000ffbb0000,0x00000000ffbb0000,0x0000000100000000)
 ParOldGen       total 230912K, used 204663K [0x00000000d0000000, 0x00000000de180000, 0x00000000f0000000)
  object space 230912K, 88% used [0x00000000d0000000,0x00000000dc7ddc48,0x00000000de180000)
 PSPermGen       total 143872K, used 109648K [0x00000000c0000000, 0x00000000c8c80000, 0x00000000d0000000)
  object space 143872K, 76% used [0x00000000c0000000,0x00000000c6b14338,0x00000000c8c80000)
Event: 10715.995 GC heap after
Heap after GC invocations=268 (full 2):
 PSYoungGen      total 257856K, used 896K [0x00000000f0000000, 0x0000000100000000, 0x0000000100000000)
  eden space 253440K, 0% used [0x00000000f0000000,0x00000000f0000000,0x00000000ff780000)
  from space 4416K, 20% used [0x00000000ffbb0000,0x00000000ffc90020,0x0000000100000000)
  to   space 4288K, 0% used [0x00000000ff780000,0x00000000ff780000,0x00000000ffbb0000)
 ParOldGen       total 230912K, used 204695K [0x00000000d0000000, 0x00000000de180000, 0x00000000f0000000)
  object space 230912K, 88% used [0x00000000d0000000,0x00000000dc7e5c48,0x00000000de180000)
 PSPermGen       total 143872K, used 109648K [0x00000000c0000000, 0x00000000c8c80000, 0x00000000d0000000)
  object space 143872K, 76% used [0x00000000c0000000,0x00000000c6b14338,0x00000000c8c80000)
}

